<?xml version="1.0" encoding="UTF-8"?>
<testng-results ignored="0" total="2" passed="2" failed="0" skipped="0">
  <reporter-output>
  </reporter-output>
  <suite started-at="2022-01-26T12:51:34 EST" name="Surefire suite" finished-at="2022-01-26T12:51:58 EST" duration-ms="24131">
    <groups>
      <group name="cucumber">
        <method signature="AbstractTestNGCucumberTests.runScenario(io.cucumber.testng.PickleWrapper,io.cucumber.testng.FeatureWrapper)[pri:0, instance:cucumberOptions.TestNgRunner@17a7f733]" name="runScenario" class="io.cucumber.testng.AbstractTestNGCucumberTests"/>
      </group> <!-- cucumber -->
    </groups>
    <test started-at="2022-01-26T12:51:34 EST" name="Surefire test" finished-at="2022-01-26T12:51:58 EST" duration-ms="24131">
      <class name="cucumberOptions.TestNgRunner">
        <test-method is-config="true" signature="setUpClass(org.testng.ITestContext)[pri:0, instance:cucumberOptions.TestNgRunner@17a7f733]" started-at="2022-01-26T12:51:34 EST" name="setUpClass" finished-at="2022-01-26T12:51:34 EST" duration-ms="241" status="PASS">
          <params>
            <param index="0">
              <value>
                <![CDATA[org.testng.TestRunner@277b8fa4]]>
              </value>
            </param>
          </params>
          <reporter-output>
          </reporter-output>
        </test-method> <!-- setUpClass -->
        <test-method signature="runScenario(io.cucumber.testng.PickleWrapper,io.cucumber.testng.FeatureWrapper)[pri:0, instance:cucumberOptions.TestNgRunner@17a7f733]" started-at="2022-01-26T12:51:34 EST" name="runScenario" description="Runs Cucumber Scenarios" data-provider="scenarios" finished-at="2022-01-26T12:51:49 EST" duration-ms="14771" status="PASS">
          <params>
            <param index="0">
              <value>
                <![CDATA["Search for items and validate results"]]>
              </value>
            </param>
            <param index="1">
              <value>
                <![CDATA["Optional[Search and place order for vegetables]"]]>
              </value>
            </param>
          </params>
          <reporter-output>
          </reporter-output>
        </test-method> <!-- runScenario -->
        <test-method signature="runScenario(io.cucumber.testng.PickleWrapper,io.cucumber.testng.FeatureWrapper)[pri:0, instance:cucumberOptions.TestNgRunner@17a7f733]" started-at="2022-01-26T12:51:49 EST" name="runScenario" description="Runs Cucumber Scenarios" data-provider="scenarios" finished-at="2022-01-26T12:51:58 EST" duration-ms="9080" status="PASS">
          <params>
            <param index="0">
              <value>
                <![CDATA["Search for items and validate results"]]>
              </value>
            </param>
            <param index="1">
              <value>
                <![CDATA["Optional[Search and place order for vegetables]"]]>
              </value>
            </param>
          </params>
          <reporter-output>
          </reporter-output>
        </test-method> <!-- runScenario -->
        <test-method is-config="true" signature="tearDownClass()[pri:0, instance:cucumberOptions.TestNgRunner@17a7f733]" started-at="2022-01-26T12:51:58 EST" name="tearDownClass" finished-at="2022-01-26T12:51:58 EST" duration-ms="8" status="PASS">
          <reporter-output>
          </reporter-output>
        </test-method> <!-- tearDownClass -->
      </class> <!-- cucumberOptions.TestNgRunner -->
    </test> <!-- Surefire test -->
  </suite> <!-- Surefire suite -->
</testng-results>
