<?xml version="1.0" encoding="UTF-8"?>
<testng-results skipped="0" failed="0" ignored="0" total="6" passed="6">
  <reporter-output>
  </reporter-output>
  <suite name="Default suite" duration-ms="305" started-at="2022-01-21T15:08:06 EST" finished-at="2022-01-21T15:08:07 EST">
    <groups>
      <group name="cucumber">
        <method signature="AbstractTestNGCucumberTests.runScenario(io.cucumber.testng.PickleWrapper,io.cucumber.testng.FeatureWrapper)[pri:0, instance:cucumberOptions.TestNgRunner@fad74ee]" name="runScenario" class="io.cucumber.testng.AbstractTestNGCucumberTests"/>
      </group> <!-- cucumber -->
    </groups>
    <test name="Default test" duration-ms="305" started-at="2022-01-21T15:08:06 EST" finished-at="2022-01-21T15:08:07 EST">
      <class name="cucumberOptions.TestNgRunner">
        <test-method status="PASS" signature="setUpClass(org.testng.ITestContext)[pri:0, instance:cucumberOptions.TestNgRunner@fad74ee]" name="setUpClass" is-config="true" duration-ms="183" started-at="2022-01-21T15:08:06 EST" finished-at="2022-01-21T15:08:07 EST">
          <params>
            <param index="0">
              <value>
                <![CDATA[org.testng.TestRunner@3f6b0be5]]>
              </value>
            </param>
          </params>
          <reporter-output>
          </reporter-output>
        </test-method> <!-- setUpClass -->
        <test-method status="PASS" signature="runScenario(io.cucumber.testng.PickleWrapper,io.cucumber.testng.FeatureWrapper)[pri:0, instance:cucumberOptions.TestNgRunner@fad74ee]" name="runScenario" duration-ms="58" started-at="2022-01-21T15:08:07 EST" description="Runs Cucumber Scenarios" data-provider="scenarios" finished-at="2022-01-21T15:08:07 EST">
          <params>
            <param index="0">
              <value>
                <![CDATA["Home page default login"]]>
              </value>
            </param>
            <param index="1">
              <value>
                <![CDATA["Optional[Application Login]"]]>
              </value>
            </param>
          </params>
          <reporter-output>
          </reporter-output>
        </test-method> <!-- runScenario -->
        <test-method status="PASS" signature="runScenario(io.cucumber.testng.PickleWrapper,io.cucumber.testng.FeatureWrapper)[pri:0, instance:cucumberOptions.TestNgRunner@fad74ee]" name="runScenario" duration-ms="10" started-at="2022-01-21T15:08:07 EST" description="Runs Cucumber Scenarios" data-provider="scenarios" finished-at="2022-01-21T15:08:07 EST">
          <params>
            <param index="0">
              <value>
                <![CDATA["Home page default login"]]>
              </value>
            </param>
            <param index="1">
              <value>
                <![CDATA["Optional[Application Login]"]]>
              </value>
            </param>
          </params>
          <reporter-output>
          </reporter-output>
        </test-method> <!-- runScenario -->
        <test-method status="PASS" signature="runScenario(io.cucumber.testng.PickleWrapper,io.cucumber.testng.FeatureWrapper)[pri:0, instance:cucumberOptions.TestNgRunner@fad74ee]" name="runScenario" duration-ms="4" started-at="2022-01-21T15:08:07 EST" description="Runs Cucumber Scenarios" data-provider="scenarios" finished-at="2022-01-21T15:08:07 EST">
          <params>
            <param index="0">
              <value>
                <![CDATA["Home page default login"]]>
              </value>
            </param>
            <param index="1">
              <value>
                <![CDATA["Optional[Application Login]"]]>
              </value>
            </param>
          </params>
          <reporter-output>
          </reporter-output>
        </test-method> <!-- runScenario -->
        <test-method status="PASS" signature="runScenario(io.cucumber.testng.PickleWrapper,io.cucumber.testng.FeatureWrapper)[pri:0, instance:cucumberOptions.TestNgRunner@fad74ee]" name="runScenario" duration-ms="4" started-at="2022-01-21T15:08:07 EST" description="Runs Cucumber Scenarios" data-provider="scenarios" finished-at="2022-01-21T15:08:07 EST">
          <params>
            <param index="0">
              <value>
                <![CDATA["Home page default login"]]>
              </value>
            </param>
            <param index="1">
              <value>
                <![CDATA["Optional[Application Login]"]]>
              </value>
            </param>
          </params>
          <reporter-output>
          </reporter-output>
        </test-method> <!-- runScenario -->
        <test-method status="PASS" signature="runScenario(io.cucumber.testng.PickleWrapper,io.cucumber.testng.FeatureWrapper)[pri:0, instance:cucumberOptions.TestNgRunner@fad74ee]" name="runScenario" duration-ms="4" started-at="2022-01-21T15:08:07 EST" description="Runs Cucumber Scenarios" data-provider="scenarios" finished-at="2022-01-21T15:08:07 EST">
          <params>
            <param index="0">
              <value>
                <![CDATA["Home page default login"]]>
              </value>
            </param>
            <param index="1">
              <value>
                <![CDATA["Optional[Application Login]"]]>
              </value>
            </param>
          </params>
          <reporter-output>
          </reporter-output>
        </test-method> <!-- runScenario -->
        <test-method status="PASS" signature="runScenario(io.cucumber.testng.PickleWrapper,io.cucumber.testng.FeatureWrapper)[pri:0, instance:cucumberOptions.TestNgRunner@fad74ee]" name="runScenario" duration-ms="3" started-at="2022-01-21T15:08:07 EST" description="Runs Cucumber Scenarios" data-provider="scenarios" finished-at="2022-01-21T15:08:07 EST">
          <params>
            <param index="0">
              <value>
                <![CDATA["Home page default login"]]>
              </value>
            </param>
            <param index="1">
              <value>
                <![CDATA["Optional[Application Login]"]]>
              </value>
            </param>
          </params>
          <reporter-output>
          </reporter-output>
        </test-method> <!-- runScenario -->
        <test-method status="PASS" signature="tearDownClass()[pri:0, instance:cucumberOptions.TestNgRunner@fad74ee]" name="tearDownClass" is-config="true" duration-ms="5" started-at="2022-01-21T15:08:07 EST" finished-at="2022-01-21T15:08:07 EST">
          <reporter-output>
          </reporter-output>
        </test-method> <!-- tearDownClass -->
      </class> <!-- cucumberOptions.TestNgRunner -->
    </test> <!-- Default test -->
  </suite> <!-- Default suite -->
</testng-results>
