<?xml version="1.0" encoding="UTF-8" standalone="no"?>
<testsuite errors="0" failures="0" name="io.cucumber.core.plugin.JUnitFormatter" skipped="0" tests="6" time="0.221">
    <testcase classname="Application Login" name="Home page default login" time="0.056">
        <system-out>
            <![CDATA[Given User in on NetBanking landing page....................................passed
When User login first into application with "Jin" and passeword "1234"......passed
Then Home page is populated.................................................passed
And Card displayed are "true"...............................................passed
]]>
        </system-out>
    </testcase>
    <testcase classname="Application Login" name="Home page default login 2" time="0.003">
        <system-out>
            <![CDATA[Given User in on NetBanking landing page....................................passed
When User sign up with following details....................................passed
Then Home page is populated.................................................passed
And Card displayed are "true"...............................................passed
]]>
        </system-out>
    </testcase>
    <testcase classname="Application Login" name="Home page default login 3" time="0">
        <system-out>
            <![CDATA[Given User in on NetBanking landing page....................................passed
When User login into application with user1 and passeword pass1.............passed
Then Home page is populated.................................................passed
And Card displayed are "true"...............................................passed
]]>
        </system-out>
    </testcase>
    <testcase classname="Application Login" name="Home page default login 4" time="0.002">
        <system-out>
            <![CDATA[Given User in on NetBanking landing page....................................passed
When User login into application with user2 and passeword pass2.............passed
Then Home page is populated.................................................passed
And Card displayed are "true"...............................................passed
]]>
        </system-out>
    </testcase>
    <testcase classname="Application Login" name="Home page default login 5" time="0.001">
        <system-out>
            <![CDATA[Given User in on NetBanking landing page....................................passed
When User login into application with user3 and passeword pass3.............passed
Then Home page is populated.................................................passed
And Card displayed are "true"...............................................passed
]]>
        </system-out>
    </testcase>
    <testcase classname="Application Login" name="Home page default login 6" time="0.001">
        <system-out>
            <![CDATA[Given User in on NetBanking landing page....................................passed
When User login into application with user4 and passeword pass4.............passed
Then Home page is populated.................................................passed
And Card displayed are "true"...............................................passed
]]>
        </system-out>
    </testcase>
</testsuite>
